{
  "stats": {
    "suites": 1,
    "tests": 5,
    "passes": 5,
    "pending": 0,
    "failures": 0,
    "start": "2024-06-12T07:04:52.969Z",
    "end": "2024-06-12T07:05:08.069Z",
    "duration": 15100,
    "testsRegistered": 5,
    "passPercent": 100,
    "pendingPercent": 0,
    "other": 0,
    "hasOther": false,
    "skipped": 0,
    "hasSkipped": false
  },
  "results": [
    {
      "uuid": "5971d637-4ca5-4779-a25f-7281af343d87",
      "title": "",
      "fullFile": "cypress\\e2e\\task_management.cy.js",
      "file": "cypress\\e2e\\task_management.cy.js",
      "beforeHooks": [],
      "afterHooks": [],
      "tests": [],
      "suites": [
        {
          "uuid": "73bd9ecf-cbd3-4eea-b755-042c53a6e89e",
          "title": "Task Management",
          "fullFile": "",
          "file": "",
          "beforeHooks": [],
          "afterHooks": [],
          "tests": [
            {
              "title": "should load the application",
              "fullTitle": "Task Management should load the application",
              "timedOut": null,
              "duration": 2422,
              "state": "passed",
              "speed": "fast",
              "pass": true,
              "fail": false,
              "pending": false,
              "context": null,
              "code": "cy.get('h1').should('contain', 'Task Management');",
              "err": {},
              "uuid": "19ddb2da-c395-4a14-8711-2bdb6ec8210d",
              "parentUUID": "73bd9ecf-cbd3-4eea-b755-042c53a6e89e",
              "isHook": false,
              "skipped": false
            },
            {
              "title": "should create a new task",
              "fullTitle": "Task Management should create a new task",
              "timedOut": null,
              "duration": 2004,
              "state": "passed",
              "speed": "fast",
              "pass": true,
              "fail": false,
              "pending": false,
              "context": null,
              "code": "cy.get('#task-form input[name=\"title\"]').type('Test Task');\ncy.get('#task-form textarea[name=\"description\"]').type('This is a test task.');\ncy.get('#task-form input[name=\"dueDate\"]').type('2024-06-15');\ncy.get('#task-form select[name=\"status\"]').select('To Do');\ncy.get('#task-form button[type=\"submit\"]').click();\ncy.get('.task').should('contain', 'Test Task');\ncy.get('.task').should('contain', 'This is a test task.');\ncy.get('.task').should('contain', '15.06.2024');\ncy.get('.task').should('contain', 'To Do');",
              "err": {},
              "uuid": "f82a8e86-f523-40b2-8e62-8999bd960d2e",
              "parentUUID": "73bd9ecf-cbd3-4eea-b755-042c53a6e89e",
              "isHook": false,
              "skipped": false
            },
            {
              "title": "should read and display tasks",
              "fullTitle": "Task Management should read and display tasks",
              "timedOut": null,
              "duration": 575,
              "state": "passed",
              "speed": "fast",
              "pass": true,
              "fail": false,
              "pending": false,
              "context": null,
              "code": "cy.get('.task').should('have.length.at.least', 1);",
              "err": {},
              "uuid": "0aeb1016-1bfc-45ee-beac-4e1626a87441",
              "parentUUID": "73bd9ecf-cbd3-4eea-b755-042c53a6e89e",
              "isHook": false,
              "skipped": false
            },
            {
              "title": "should update an existing task",
              "fullTitle": "Task Management should update an existing task",
              "timedOut": null,
              "duration": 3583,
              "state": "passed",
              "speed": "fast",
              "pass": true,
              "fail": false,
              "pending": false,
              "context": null,
              "code": "// Add a new task first\ncy.get('#task-form input[name=\"title\"]').type('Task to be Updated');\ncy.get('#task-form textarea[name=\"description\"]').type('Update this task.');\ncy.get('#task-form input[name=\"dueDate\"]').type('2024-06-20');\ncy.get('#task-form select[name=\"status\"]').select('In Progress');\ncy.get('#task-form button[type=\"submit\"]').click();\n// Edit the task\ncy.get('.task').contains('Task to be Updated').parents('li').find('.edit_task').click();\ncy.get('#editModal').should('be.visible');\ncy.get('#editModal').within(() => {\n  cy.get('#edit-title').clear().type('Updated Task');\n  cy.get('#edit-description').clear().type('This task has been updated.');\n  cy.get('#edit-dueDate').clear().type('2024-07-01');\n  cy.get('#edit-status').select('Done');\n});\n// Save changes\ncy.get('#save_changes').click();\n// Validate the task has been updated\ncy.get('.task').should('contain', 'Updated Task');\ncy.get('.task').should('contain', 'This task has been updated.');\ncy.get('.task').should('contain', '01.07.2024');\ncy.get('.task').should('contain', 'Done');",
              "err": {},
              "uuid": "c2e31bd5-87a9-4c6a-9ee6-bde95d60b168",
              "parentUUID": "73bd9ecf-cbd3-4eea-b755-042c53a6e89e",
              "isHook": false,
              "skipped": false
            },
            {
              "title": "should delete a task",
              "fullTitle": "Task Management should delete a task",
              "timedOut": null,
              "duration": 3330,
              "state": "passed",
              "speed": "fast",
              "pass": true,
              "fail": false,
              "pending": false,
              "context": null,
              "code": "// Add a new task first\ncy.get('#task-form input[name=\"title\"]').type('Task to be Deleted');\ncy.get('#task-form textarea[name=\"description\"]').type('Delete this task.');\ncy.get('#task-form input[name=\"dueDate\"]').type('2024-06-25');\ncy.get('#task-form select[name=\"status\"]').select('To Do');\ncy.get('#task-form button[type=\"submit\"]').click();\n// Delete the task\ncy.get('.task').contains('Task to be Deleted').parents('li').find('.delete_task').click();\n// Validate the task has been deleted\ncy.get('.task').should('not.contain', 'Task to be Deleted');",
              "err": {},
              "uuid": "0e7d3017-fd05-4d15-b01a-eaaf10f4ba08",
              "parentUUID": "73bd9ecf-cbd3-4eea-b755-042c53a6e89e",
              "isHook": false,
              "skipped": false
            }
          ],
          "suites": [],
          "passes": [
            "19ddb2da-c395-4a14-8711-2bdb6ec8210d",
            "f82a8e86-f523-40b2-8e62-8999bd960d2e",
            "0aeb1016-1bfc-45ee-beac-4e1626a87441",
            "c2e31bd5-87a9-4c6a-9ee6-bde95d60b168",
            "0e7d3017-fd05-4d15-b01a-eaaf10f4ba08"
          ],
          "failures": [],
          "pending": [],
          "skipped": [],
          "duration": 11914,
          "root": false,
          "rootEmpty": false,
          "_timeout": 2000
        }
      ],
      "passes": [],
      "failures": [],
      "pending": [],
      "skipped": [],
      "duration": 0,
      "root": true,
      "rootEmpty": true,
      "_timeout": 2000
    }
  ],
  "meta": {
    "mocha": {
      "version": "7.0.1"
    },
    "mochawesome": {
      "options": {
        "quiet": false,
        "reportFilename": "mochawesome",
        "saveHtml": false,
        "saveJson": true,
        "consoleReporter": "spec",
        "useInlineDiffs": false,
        "code": true
      },
      "version": "7.1.3"
    },
    "marge": {
      "options": {
        "reportDir": "cypress/reports",
        "overwrite": false,
        "html": false,
        "json": true
      },
      "version": "6.2.0"
    }
  }
}